<?xml version="1.0" encoding="UTF-8"?>
<coverage generated="1629667213784" clover="3.2.0">
  <project timestamp="1629667213785" name="All files">
    <metrics statements="4" coveredstatements="3" conditionals="2" coveredconditionals="2" methods="3" coveredmethods="1" elements="9" coveredelements="6" complexity="0" loc="4" ncloc="4" packages="1" files="1" classes="1"/>
    <file name="index.jsx" path="/Users/renana/labs/react-webpack/src/components/Button/index.jsx">
      <metrics statements="4" coveredstatements="3" conditionals="2" coveredconditionals="2" methods="3" coveredmethods="1"/>
      <line num="3" count="1" type="stmt"/>
      <line num="4" count="2" type="stmt"/>
      <line num="6" count="2" type="stmt"/>
      <line num="13" count="0" type="stmt"/>
    </file>
  </project>
</coverage>
