{"/Users/renana/labs/react-webpack/src/components/Button/index.jsx": {"path":"/Users/renana/labs/react-webpack/src/components/Button/index.jsx","statementMap":{"0":{"start":{"line":3,"column":15},"end":{"line":16,"column":1}},"1":{"start":{"line":4,"column":24},"end":{"line":4,"column":54}},"2":{"start":{"line":4,"column":33},"end":{"line":4,"column":54}},"3":{"start":{"line":6,"column":3},"end":{"line":15,"column":15}},"4":{"start":{"line":13,"column":28},"end":{"line":13,"column":46}}},"fnMap":{"0":{"name":"(anonymous_0)","decl":{"start":{"line":3,"column":15},"end":{"line":3,"column":16}},"loc":{"start":{"line":3,"column":29},"end":{"line":16,"column":1}},"line":3},"1":{"name":"(anonymous_1)","decl":{"start":{"line":4,"column":24},"end":{"line":4,"column":25}},"loc":{"start":{"line":4,"column":33},"end":{"line":4,"column":54}},"line":4},"2":{"name":"(anonymous_2)","decl":{"start":{"line":13,"column":17},"end":{"line":13,"column":18}},"loc":{"start":{"line":13,"column":28},"end":{"line":13,"column":46}},"line":13}},"branchMap":{"0":{"loc":{"start":{"line":14,"column":9},"end":{"line":14,"column":27}},"type":"binary-expr","locations":[{"start":{"line":14,"column":9},"end":{"line":14,"column":13}},{"start":{"line":14,"column":17},"end":{"line":14,"column":27}}],"line":14}},"s":{"0":1,"1":2,"2":0,"3":2,"4":0},"f":{"0":2,"1":0,"2":0},"b":{"0":[2,1]},"_coverageSchema":"1a1c01bbd47fc00a2c39e90264f33305004495a9","hash":"0b510566ab2fca27e4d49e110f50ee1905c25d71"}
}
